<?xml version="1.0" encoding="UTF-8"?>
<testng-results skipped="0" failed="0" ignored="0" total="1" passed="1">
  <reporter-output>
  </reporter-output>
  <suite name="Regression_Lensway_se" duration-ms="10713" started-at="2018-01-13T17:20:37Z" finished-at="2018-01-13T17:20:48Z">
    <groups>
    </groups>
    <test name="Sweden-Windows-chrome" duration-ms="10713" started-at="2018-01-13T17:20:37Z" finished-at="2018-01-13T17:20:48Z">
      <class name="testScripts.TC_001_LoginValidation">
        <test-method status="PASS" signature="setuUp()[pri:0, instance:testScripts.TC_001_LoginValidation@1b6a447]" name="setuUp" is-config="true" duration-ms="8434" started-at="2018-01-13T18:20:37Z" finished-at="2018-01-13T18:20:45Z">
          <reporter-output>
          </reporter-output>
        </test-method> <!-- setuUp -->
        <test-method status="PASS" signature="loginValidation()[pri:0, instance:testScripts.TC_001_LoginValidation@1b6a447]" name="loginValidation" duration-ms="1422" started-at="2018-01-13T18:20:46Z" finished-at="2018-01-13T18:20:47Z">
          <reporter-output>
          </reporter-output>
        </test-method> <!-- loginValidation -->
        <test-method status="PASS" signature="endTest()[pri:0, instance:testScripts.TC_001_LoginValidation@1b6a447]" name="endTest" is-config="true" duration-ms="742" started-at="2018-01-13T18:20:47Z" finished-at="2018-01-13T18:20:48Z">
          <reporter-output>
          </reporter-output>
        </test-method> <!-- endTest -->
      </class> <!-- testScripts.TC_001_LoginValidation -->
    </test> <!-- Sweden-Windows-chrome -->
  </suite> <!-- Regression_Lensway_se -->
</testng-results>
